{"t":{"$date":"2020-10-22T21:06:12.467-05:00"},"s":"I",  "c":"CONTROL",  "id":23285,   "ctx":"main","msg":"Automatically disabling TLS 1.0, to force-enable TLS 1.0 specify --sslDisabledProtocols 'none'"}
{"t":{"$date":"2020-10-22T21:06:12.471-05:00"},"s":"W",  "c":"ASIO",     "id":22601,   "ctx":"main","msg":"No TransportLayer configured during NetworkInterface startup"}
{"t":{"$date":"2020-10-22T21:06:12.472-05:00"},"s":"I",  "c":"NETWORK",  "id":4648602, "ctx":"main","msg":"Implicit TCP FastOpen in use."}
{"t":{"$date":"2020-10-22T21:06:12.473-05:00"},"s":"I",  "c":"STORAGE",  "id":4615611, "ctx":"initandlisten","msg":"MongoDB starting","attr":{"pid":61155,"port":27017,"dbPath":"/Users/ruiningtao/project411null/mongodbLocal/db","architecture":"64-bit","host":"toueis-MBP"}}
{"t":{"$date":"2020-10-22T21:06:12.473-05:00"},"s":"I",  "c":"CONTROL",  "id":23403,   "ctx":"initandlisten","msg":"Build Info","attr":{"buildInfo":{"version":"4.4.1","gitVersion":"ad91a93a5a31e175f5cbf8c69561e788bbc55ce1","modules":[],"allocator":"system","environment":{"distarch":"x86_64","target_arch":"x86_64"}}}}
{"t":{"$date":"2020-10-22T21:06:12.474-05:00"},"s":"I",  "c":"CONTROL",  "id":51765,   "ctx":"initandlisten","msg":"Operating System","attr":{"os":{"name":"Mac OS X","version":"19.6.0"}}}
{"t":{"$date":"2020-10-22T21:06:12.474-05:00"},"s":"I",  "c":"CONTROL",  "id":21951,   "ctx":"initandlisten","msg":"Options set by command line","attr":{"options":{"processManagement":{"fork":true},"storage":{"dbPath":"/Users/ruiningtao/project411null/mongodbLocal/db"},"systemLog":{"destination":"file","path":"/Users/ruiningtao/project411null/mongodbLocal/log/mongodb/mongodb.log"}}}}
{"t":{"$date":"2020-10-22T21:06:12.477-05:00"},"s":"I",  "c":"STORAGE",  "id":22270,   "ctx":"initandlisten","msg":"Storage engine to use detected by data files","attr":{"dbpath":"/Users/ruiningtao/project411null/mongodbLocal/db","storageEngine":"wiredTiger"}}
{"t":{"$date":"2020-10-22T21:06:12.478-05:00"},"s":"I",  "c":"STORAGE",  "id":22315,   "ctx":"initandlisten","msg":"Opening WiredTiger","attr":{"config":"create,cache_size=7680M,session_max=33000,eviction=(threads_min=4,threads_max=4),config_base=false,statistics=(fast),log=(enabled=true,archive=true,path=journal,compressor=snappy),file_manager=(close_idle_time=100000,close_scan_interval=10,close_handle_minimum=250),statistics_log=(wait=0),verbose=[recovery_progress,checkpoint_progress,compact_progress],"}}
{"t":{"$date":"2020-10-22T21:06:12.928-05:00"},"s":"I",  "c":"STORAGE",  "id":22430,   "ctx":"initandlisten","msg":"WiredTiger message","attr":{"message":"[1603418772:928698][61155:0x11f99ddc0], txn-recover: [WT_VERB_RECOVERY_PROGRESS] Recovering log 6 through 7"}}
{"t":{"$date":"2020-10-22T21:06:12.971-05:00"},"s":"I",  "c":"STORAGE",  "id":22430,   "ctx":"initandlisten","msg":"WiredTiger message","attr":{"message":"[1603418772:971488][61155:0x11f99ddc0], txn-recover: [WT_VERB_RECOVERY_PROGRESS] Recovering log 7 through 7"}}
{"t":{"$date":"2020-10-22T21:06:13.038-05:00"},"s":"I",  "c":"STORAGE",  "id":22430,   "ctx":"initandlisten","msg":"WiredTiger message","attr":{"message":"[1603418773:38387][61155:0x11f99ddc0], txn-recover: [WT_VERB_RECOVERY | WT_VERB_RECOVERY_PROGRESS] Main recovery loop: starting at 6/4608 to 7/256"}}
{"t":{"$date":"2020-10-22T21:06:13.174-05:00"},"s":"I",  "c":"STORAGE",  "id":22430,   "ctx":"initandlisten","msg":"WiredTiger message","attr":{"message":"[1603418773:174627][61155:0x11f99ddc0], txn-recover: [WT_VERB_RECOVERY_PROGRESS] Recovering log 6 through 7"}}
{"t":{"$date":"2020-10-22T21:06:13.254-05:00"},"s":"I",  "c":"STORAGE",  "id":22430,   "ctx":"initandlisten","msg":"WiredTiger message","attr":{"message":"[1603418773:254733][61155:0x11f99ddc0], txn-recover: [WT_VERB_RECOVERY_PROGRESS] Recovering log 7 through 7"}}
{"t":{"$date":"2020-10-22T21:06:13.292-05:00"},"s":"I",  "c":"STORAGE",  "id":22430,   "ctx":"initandlisten","msg":"WiredTiger message","attr":{"message":"[1603418773:292272][61155:0x11f99ddc0], txn-recover: [WT_VERB_RECOVERY | WT_VERB_RECOVERY_PROGRESS] Set global recovery timestamp: (0, 0)"}}
{"t":{"$date":"2020-10-22T21:06:13.292-05:00"},"s":"I",  "c":"STORAGE",  "id":22430,   "ctx":"initandlisten","msg":"WiredTiger message","attr":{"message":"[1603418773:292746][61155:0x11f99ddc0], txn-recover: [WT_VERB_RECOVERY | WT_VERB_RECOVERY_PROGRESS] Set global oldest timestamp: (0, 0)"}}
{"t":{"$date":"2020-10-22T21:06:13.334-05:00"},"s":"I",  "c":"STORAGE",  "id":4795906, "ctx":"initandlisten","msg":"WiredTiger opened","attr":{"durationMillis":856}}
{"t":{"$date":"2020-10-22T21:06:13.335-05:00"},"s":"I",  "c":"RECOVERY", "id":23987,   "ctx":"initandlisten","msg":"WiredTiger recoveryTimestamp","attr":{"recoveryTimestamp":{"$timestamp":{"t":0,"i":0}}}}
{"t":{"$date":"2020-10-22T21:06:13.341-05:00"},"s":"I",  "c":"STORAGE",  "id":22262,   "ctx":"initandlisten","msg":"Timestamp monitor starting"}
{"t":{"$date":"2020-10-22T21:06:13.342-05:00"},"s":"W",  "c":"CONTROL",  "id":22120,   "ctx":"initandlisten","msg":"Access control is not enabled for the database. Read and write access to data and configuration is unrestricted","tags":["startupWarnings"]}
{"t":{"$date":"2020-10-22T21:06:13.342-05:00"},"s":"W",  "c":"CONTROL",  "id":22140,   "ctx":"initandlisten","msg":"This server is bound to localhost. Remote systems will be unable to connect to this server. Start the server with --bind_ip <address> to specify which IP addresses it should serve responses from, or with --bind_ip_all to bind to all interfaces. If this behavior is desired, start the server with --bind_ip 127.0.0.1 to disable this warning","tags":["startupWarnings"]}
{"t":{"$date":"2020-10-22T21:06:13.343-05:00"},"s":"W",  "c":"CONTROL",  "id":22184,   "ctx":"initandlisten","msg":"Soft rlimits too low","attr":{"currentValue":256,"recommendedMinimum":64000},"tags":["startupWarnings"]}
{"t":{"$date":"2020-10-22T21:06:13.348-05:00"},"s":"I",  "c":"STORAGE",  "id":20536,   "ctx":"initandlisten","msg":"Flow Control is enabled on this deployment"}
{"t":{"$date":"2020-10-22T21:06:13.352-05:00"},"s":"I",  "c":"FTDC",     "id":20625,   "ctx":"initandlisten","msg":"Initializing full-time diagnostic data capture","attr":{"dataDirectory":"/Users/ruiningtao/project411null/mongodbLocal/db/diagnostic.data"}}
{"t":{"$date":"2020-10-22T21:06:13.353-05:00"},"s":"I",  "c":"NETWORK",  "id":23015,   "ctx":"listener","msg":"Listening on","attr":{"address":"/tmp/mongodb-27017.sock"}}
{"t":{"$date":"2020-10-22T21:06:13.353-05:00"},"s":"I",  "c":"NETWORK",  "id":23015,   "ctx":"listener","msg":"Listening on","attr":{"address":"127.0.0.1"}}
{"t":{"$date":"2020-10-22T21:06:13.354-05:00"},"s":"I",  "c":"NETWORK",  "id":23016,   "ctx":"listener","msg":"Waiting for connections","attr":{"port":27017,"ssl":"off"}}
{"t":{"$date":"2020-10-22T21:06:21.531-05:00"},"s":"I",  "c":"NETWORK",  "id":22943,   "ctx":"listener","msg":"Connection accepted","attr":{"remote":"127.0.0.1:64930","connectionId":1,"connectionCount":1}}
{"t":{"$date":"2020-10-22T21:06:21.531-05:00"},"s":"I",  "c":"NETWORK",  "id":51800,   "ctx":"conn1","msg":"client metadata","attr":{"remote":"127.0.0.1:64930","client":"conn1","doc":{"application":{"name":"MongoDB Shell"},"driver":{"name":"MongoDB Internal Client","version":"4.2.0"},"os":{"type":"Darwin","name":"Mac OS X","architecture":"x86_64","version":"19.6.0"}}}}
{"t":{"$date":"2020-10-22T21:06:25.049-05:00"},"s":"I",  "c":"NETWORK",  "id":22944,   "ctx":"conn1","msg":"Connection ended","attr":{"remote":"127.0.0.1:64930","connectionId":1,"connectionCount":0}}
{"t":{"$date":"2020-10-22T21:06:28.221-05:00"},"s":"I",  "c":"NETWORK",  "id":22943,   "ctx":"listener","msg":"Connection accepted","attr":{"remote":"127.0.0.1:64931","connectionId":2,"connectionCount":1}}
{"t":{"$date":"2020-10-22T21:06:28.221-05:00"},"s":"I",  "c":"NETWORK",  "id":51800,   "ctx":"conn2","msg":"client metadata","attr":{"remote":"127.0.0.1:64931","client":"conn2","doc":{"application":{"name":"MongoDB Shell"},"driver":{"name":"MongoDB Internal Client","version":"4.2.0"},"os":{"type":"Darwin","name":"Mac OS X","architecture":"x86_64","version":"19.6.0"}}}}
{"t":{"$date":"2020-10-22T21:06:48.231-05:00"},"s":"I",  "c":"COMMAND",  "id":20475,   "ctx":"conn2","msg":"Terminating via shutdown command","attr":{"cmdObj":{"shutdown":1.0,"lsid":{"id":{"$uuid":"4ce7be2e-478e-4a17-8807-720bd8d8a7b2"}},"$db":"admin"}}}
{"t":{"$date":"2020-10-22T21:06:48.232-05:00"},"s":"I",  "c":"COMMAND",  "id":4784901, "ctx":"conn2","msg":"Shutting down the MirrorMaestro"}
{"t":{"$date":"2020-10-22T21:06:48.233-05:00"},"s":"I",  "c":"SHARDING", "id":4784902, "ctx":"conn2","msg":"Shutting down the WaitForMajorityService"}
{"t":{"$date":"2020-10-22T21:06:48.234-05:00"},"s":"I",  "c":"CONTROL",  "id":4784903, "ctx":"conn2","msg":"Shutting down the LogicalSessionCache"}
{"t":{"$date":"2020-10-22T21:06:48.234-05:00"},"s":"I",  "c":"NETWORK",  "id":20562,   "ctx":"conn2","msg":"Shutdown: going to close listening sockets"}
{"t":{"$date":"2020-10-22T21:06:48.235-05:00"},"s":"I",  "c":"NETWORK",  "id":23017,   "ctx":"listener","msg":"removing socket file","attr":{"path":"/tmp/mongodb-27017.sock"}}
{"t":{"$date":"2020-10-22T21:06:48.236-05:00"},"s":"I",  "c":"NETWORK",  "id":4784905, "ctx":"conn2","msg":"Shutting down the global connection pool"}
{"t":{"$date":"2020-10-22T21:06:48.236-05:00"},"s":"I",  "c":"STORAGE",  "id":4784906, "ctx":"conn2","msg":"Shutting down the FlowControlTicketholder"}
{"t":{"$date":"2020-10-22T21:06:48.237-05:00"},"s":"I",  "c":"-",        "id":20520,   "ctx":"conn2","msg":"Stopping further Flow Control ticket acquisitions."}
{"t":{"$date":"2020-10-22T21:06:48.237-05:00"},"s":"I",  "c":"STORAGE",  "id":4784908, "ctx":"conn2","msg":"Shutting down the PeriodicThreadToAbortExpiredTransactions"}
{"t":{"$date":"2020-10-22T21:06:48.237-05:00"},"s":"I",  "c":"STORAGE",  "id":4784934, "ctx":"conn2","msg":"Shutting down the PeriodicThreadToDecreaseSnapshotHistoryCachePressure"}
{"t":{"$date":"2020-10-22T21:06:48.238-05:00"},"s":"I",  "c":"REPL",     "id":4784909, "ctx":"conn2","msg":"Shutting down the ReplicationCoordinator"}
{"t":{"$date":"2020-10-22T21:06:48.238-05:00"},"s":"I",  "c":"SHARDING", "id":4784910, "ctx":"conn2","msg":"Shutting down the ShardingInitializationMongoD"}
{"t":{"$date":"2020-10-22T21:06:48.239-05:00"},"s":"I",  "c":"REPL",     "id":4784911, "ctx":"conn2","msg":"Enqueuing the ReplicationStateTransitionLock for shutdown"}
{"t":{"$date":"2020-10-22T21:06:48.239-05:00"},"s":"I",  "c":"-",        "id":4784912, "ctx":"conn2","msg":"Killing all operations for shutdown"}
{"t":{"$date":"2020-10-22T21:06:48.239-05:00"},"s":"I",  "c":"-",        "id":4695300, "ctx":"conn2","msg":"Interrupted all currently running operations","attr":{"opsKilled":3}}
{"t":{"$date":"2020-10-22T21:06:48.240-05:00"},"s":"I",  "c":"COMMAND",  "id":4784913, "ctx":"conn2","msg":"Shutting down all open transactions"}
{"t":{"$date":"2020-10-22T21:06:48.240-05:00"},"s":"I",  "c":"REPL",     "id":4784914, "ctx":"conn2","msg":"Acquiring the ReplicationStateTransitionLock for shutdown"}
{"t":{"$date":"2020-10-22T21:06:48.241-05:00"},"s":"I",  "c":"INDEX",    "id":4784915, "ctx":"conn2","msg":"Shutting down the IndexBuildsCoordinator"}
{"t":{"$date":"2020-10-22T21:06:48.241-05:00"},"s":"I",  "c":"REPL",     "id":4784916, "ctx":"conn2","msg":"Reacquiring the ReplicationStateTransitionLock for shutdown"}
{"t":{"$date":"2020-10-22T21:06:48.241-05:00"},"s":"I",  "c":"REPL",     "id":4784917, "ctx":"conn2","msg":"Attempting to mark clean shutdown"}
{"t":{"$date":"2020-10-22T21:06:48.242-05:00"},"s":"I",  "c":"NETWORK",  "id":4784918, "ctx":"conn2","msg":"Shutting down the ReplicaSetMonitor"}
{"t":{"$date":"2020-10-22T21:06:48.242-05:00"},"s":"I",  "c":"SHARDING", "id":4784921, "ctx":"conn2","msg":"Shutting down the MigrationUtilExecutor"}
{"t":{"$date":"2020-10-22T21:06:48.242-05:00"},"s":"I",  "c":"CONTROL",  "id":4784925, "ctx":"conn2","msg":"Shutting down free monitoring"}
{"t":{"$date":"2020-10-22T21:06:48.243-05:00"},"s":"I",  "c":"CONTROL",  "id":20609,   "ctx":"conn2","msg":"Shutting down free monitoring"}
{"t":{"$date":"2020-10-22T21:06:48.243-05:00"},"s":"I",  "c":"FTDC",     "id":4784926, "ctx":"conn2","msg":"Shutting down full-time data capture"}
{"t":{"$date":"2020-10-22T21:06:48.244-05:00"},"s":"I",  "c":"FTDC",     "id":20626,   "ctx":"conn2","msg":"Shutting down full-time diagnostic data capture"}
{"t":{"$date":"2020-10-22T21:06:48.246-05:00"},"s":"I",  "c":"STORAGE",  "id":4784927, "ctx":"conn2","msg":"Shutting down the HealthLog"}
{"t":{"$date":"2020-10-22T21:06:48.246-05:00"},"s":"I",  "c":"STORAGE",  "id":4784929, "ctx":"conn2","msg":"Acquiring the global lock for shutdown"}
{"t":{"$date":"2020-10-22T21:06:48.247-05:00"},"s":"I",  "c":"STORAGE",  "id":4784930, "ctx":"conn2","msg":"Shutting down the storage engine"}
{"t":{"$date":"2020-10-22T21:06:48.247-05:00"},"s":"I",  "c":"STORAGE",  "id":20282,   "ctx":"conn2","msg":"Deregistering all the collections"}
{"t":{"$date":"2020-10-22T21:06:48.248-05:00"},"s":"I",  "c":"STORAGE",  "id":22261,   "ctx":"conn2","msg":"Timestamp monitor shutting down"}
{"t":{"$date":"2020-10-22T21:06:48.248-05:00"},"s":"I",  "c":"STORAGE",  "id":22317,   "ctx":"conn2","msg":"WiredTigerKVEngine shutting down"}
{"t":{"$date":"2020-10-22T21:06:48.256-05:00"},"s":"I",  "c":"STORAGE",  "id":22318,   "ctx":"conn2","msg":"Shutting down session sweeper thread"}
{"t":{"$date":"2020-10-22T21:06:48.256-05:00"},"s":"I",  "c":"STORAGE",  "id":22319,   "ctx":"conn2","msg":"Finished shutting down session sweeper thread"}
{"t":{"$date":"2020-10-22T21:06:48.257-05:00"},"s":"I",  "c":"STORAGE",  "id":22320,   "ctx":"conn2","msg":"Shutting down journal flusher thread"}
{"t":{"$date":"2020-10-22T21:06:48.257-05:00"},"s":"I",  "c":"STORAGE",  "id":22321,   "ctx":"conn2","msg":"Finished shutting down journal flusher thread"}
{"t":{"$date":"2020-10-22T21:06:48.258-05:00"},"s":"I",  "c":"STORAGE",  "id":22322,   "ctx":"conn2","msg":"Shutting down checkpoint thread"}
{"t":{"$date":"2020-10-22T21:06:48.258-05:00"},"s":"I",  "c":"STORAGE",  "id":22323,   "ctx":"conn2","msg":"Finished shutting down checkpoint thread"}
{"t":{"$date":"2020-10-22T21:06:48.258-05:00"},"s":"I",  "c":"STORAGE",  "id":4795902, "ctx":"conn2","msg":"Closing WiredTiger","attr":{"closeConfig":"leak_memory=true,"}}
{"t":{"$date":"2020-10-22T21:06:48.343-05:00"},"s":"I",  "c":"STORAGE",  "id":4795901, "ctx":"conn2","msg":"WiredTiger closed","attr":{"durationMillis":85}}
{"t":{"$date":"2020-10-22T21:06:48.344-05:00"},"s":"I",  "c":"STORAGE",  "id":22279,   "ctx":"conn2","msg":"shutdown: removing fs lock..."}
{"t":{"$date":"2020-10-22T21:06:48.345-05:00"},"s":"I",  "c":"-",        "id":4784931, "ctx":"conn2","msg":"Dropping the scope cache for shutdown"}
{"t":{"$date":"2020-10-22T21:06:48.345-05:00"},"s":"I",  "c":"CONTROL",  "id":20565,   "ctx":"conn2","msg":"Now exiting"}
{"t":{"$date":"2020-10-22T21:06:48.346-05:00"},"s":"I",  "c":"CONTROL",  "id":23138,   "ctx":"conn2","msg":"Shutting down","attr":{"exitCode":0}}
